Java HotSpot(TM) 64-Bit Server VM warning: ignoring option PermSize=32m; support was removed in 8.0
Java HotSpot(TM) 64-Bit Server VM warning: ignoring option MaxPermSize=256m; support was removed in 8.0
2020-07-13 02:07:09.475/1.227 Oracle Coherence 12.1.3.0.0 <Info> (thread=main, member=n/a): Loaded operational configuration from "jar:file:/Users/aelkhodary/Oracle/Middleware/Oracle_Home/coherence/lib/coherence.jar!/tangosol-coherence.xml"
2020-07-13 02:07:09.497/1.249 Oracle Coherence 12.1.3.0.0 <Info> (thread=main, member=n/a): Loaded operational overrides from "jar:file:/Users/aelkhodary/Oracle/Middleware/Oracle_Home/coherence/lib/coherence.jar!/tangosol-coherence-override-dev.xml"
2020-07-13 02:07:09.498/1.250 Oracle Coherence 12.1.3.0.0 <D5> (thread=main, member=n/a): Optional configuration override "/tangosol-coherence-override.xml" is not specified
2020-07-13 02:07:09.500/1.252 Oracle Coherence 12.1.3.0.0 <D5> (thread=main, member=n/a): Optional configuration override "cache-factory-config.xml" is not specified
2020-07-13 02:07:09.501/1.252 Oracle Coherence 12.1.3.0.0 <D5> (thread=main, member=n/a): Optional configuration override "cache-factory-builder-config.xml" is not specified
2020-07-13 02:07:09.501/1.253 Oracle Coherence 12.1.3.0.0 <D5> (thread=main, member=n/a): Optional configuration override "/custom-mbeans.xml" is not specified

Oracle Coherence Version 12.1.3.0.0 Build 52031
 Grid Edition: Development mode
Copyright (c) 2000, 2014, Oracle and/or its affiliates. All rights reserved.

2020-07-13 02:07:09.573/1.325 Oracle Coherence GE 12.1.3.0.0 <Info> (thread=main, member=n/a): Created cache factory com.tangosol.net.DefaultConfigurableCacheFactory
Jul 13, 2020 2:07:09 AM oracle.fabric.common.wsdl.SchemaManager isIncrementalBuildSupported
INFO: XMLSchema incremental build enabled.
Jul 13, 2020 2:07:09 AM com.collaxa.cube.CubeLogger info
INFO: validating "AmericanAirlines.bpel" ...
Jul 13, 2020 2:07:09 AM oracle.integration.platform.blocks.PlatformConfigurationProvider getPlatformConfigurationProvider
WARNING: JRF is unable to determine the current application server platform.
Jul 13, 2020 2:07:10 AM com.collaxa.cube.CubeLogger info
INFO: Composed "AmericanAirlines" in 29.7 milliseconds [nodes 15=0+15, 504.9 nodes/sec]
Jul 13, 2020 2:07:10 AM CubeProcessGenerator compile
INFO: RegularFileObject[/Users/aelkhodary/Documents/GitHub/WS-BPEL-SOA-Composite/7948EN_Code/Chapter 6/TravelApprovalMasterDetail/AmericanAirlines/SCA-INF/bpel/AmericanAirlines/src/orabpel/americanairlines/L0.java] /Users/aelkhodary/Documents/GitHub/WS-BPEL-SOA-Composite/7948EN_Code/Chapter 6/TravelApprovalMasterDetail/AmericanAirlines/SCA-INF/bpel/AmericanAirlines/src/orabpel/americanairlines/L0.java uses unchecked or unsafe operations.
Jul 13, 2020 2:07:10 AM CubeProcessGenerator compile
INFO: RegularFileObject[/Users/aelkhodary/Documents/GitHub/WS-BPEL-SOA-Composite/7948EN_Code/Chapter 6/TravelApprovalMasterDetail/AmericanAirlines/SCA-INF/bpel/AmericanAirlines/src/orabpel/americanairlines/L0.java] Recompile with -Xlint:unchecked for details.
Jul 13, 2020 2:07:10 AM com.collaxa.cube.CubeLogger info
INFO: Compiled "AmericanAirlines" in 611.3 milliseconds
Jul 13, 2020 2:07:10 AM com.collaxa.cube.CubeLogger info
INFO: Gathered 4 files in 0.3 milliseconds
Jul 13, 2020 2:07:10 AM com.collaxa.cube.CubeLogger info
INFO: Packaged "AmericanAirlines" in 4.5 milliseconds
